start: HEAD
accept: AC
reject: RE
blank: *

HEAD 0 -> HEAD 0 >
HEAD 1 -> HEAD 1 >
HEAD + -> START + <

START * -> FIND * >
START 0 -> FIND A >
START 1 -> FIND B >

FIND 0 -> FIND 0 >
FIND 1 -> FIND 1 >
FIND + -> FIND + >
FIND * -> BACK * <

BACK 0 -> FOUND0 * <
BACK 1 -> FOUND1 * <
BACK + -> SHUTDOWN * <

SHUTDOWN 0 -> SHUTDOWN 0 <
SHUTDOWN 1 -> SHUTDOWN 1 <
SHUTDOWN A -> SHUTDOWN 0 <
SHUTDOWN B -> SHUTDOWN 1 <
SHUTDOWN * -> AC * >

FOUND0 0 -> FOUND0 0 <
FOUND0 1 -> FOUND0 1 <
FOUND0 + -> FOUND0 + <
FOUND0 A -> START 0 <
FOUND0 B -> START 1 <
FOUND0 * -> START 0 <

FOUND1 0 -> FOUND1 0 <
FOUND1 1 -> FOUND1 1 <
FOUND1 + -> FOUND1 + <
FOUND1 A -> START 1 <
FOUND1 B -> CARRY C <
FOUND1 * -> START 1 <

CARRY * -> CARRY_DONE 1 >
CARRY 0 -> CARRY_DONE 1 >
CARRY 1 -> CARRY 0 <

CARRY_DONE 0 -> CARRY_DONE 0 >
CARRY_DONE 1 -> CARRY_DONE 1 >
CARRY_DONE C -> START 0 <

